2023-10-30 12:43:26,842:WARNING ==> Warning: Column headers from the file were modified to make them valid MATLAB identifiers before creating variable names for the table. The original column headers are saved in the VariableDescriptions property.
Set 'VariableNamingRule' to 'preserve' to use the original column headers as table variable names.
Starting parallel pool (parpool) using the 'local' profile ...
Connected to the parallel pool (number of workers: 12).
        3073

        1025

        1024

        1024

        1024

        1024

C:\Users\xc170f\Documents\FDA\vscode\qardecode-request\input\202310_replay350102 (A6-FKD)_kd_25012023_2035_dlu.raw
Data processed
   218

     1

   255

     1

   255

     1

   255

     1

    37

   218

     1

   255

     1

   255

     1

   255

     1

    37

   218

     1

   255

     1

   255

     1

   255

     1

    37

        1024

        1024

        1024

C:\Users\xc170f\Documents\FDA\vscode\qardecode-request\input\202310_replay350373 (A6-FKD)_kd_27012023_0302_dlu.raw
Data processed
C:\Users\xc170f\Documents\FDA\vscode\qardecode-request\output\202310_replay350102 (A6-FKD)_kd_25012023_2035_dlu.csv
csv file updated
split data
C:\Users\xc170f\Documents\FDA\vscode\qardecode-request\output\202310_replay350373 (A6-FKD)_kd_27012023_0302_dlu.csv
csv file updated
split data
Elapsed time is 56.020455 seconds.

